[2025-06-06 01:01:05] DEBUG: --- New BananasNG Request ---
[2025-06-06 01:01:05] DEBUG: Determined Action: AuthRequest
[2025-06-06 01:01:05] DEBUG: SlotSettings instantiated. Initial Balance: 1000
[2025-06-06 01:01:05] DEBUG: --- Request Handled ---
[2025-06-06 01:01:05] DEBUG: --- New BananasNG Request ---
[2025-06-06 01:01:05] DEBUG: Determined Action: SpinRequest
[2025-06-06 01:01:05] DEBUG: SlotSettings instantiated. Initial Balance: 1000
[2025-06-06 01:01:05] DEBUG: --- Request Handled ---
[2025-06-06 01:01:13] DEBUG: --- New BananasNG Request ---
[2025-06-06 01:01:13] DEBUG: Determined Action: AuthRequest
[2025-06-06 01:01:13] DEBUG: SlotSettings instantiated. Initial Balance: 1000
[2025-06-06 01:01:13] DEBUG: --- Request Handled ---
[2025-06-06 01:01:13] DEBUG: --- New BananasNG Request ---
[2025-06-06 01:01:13] DEBUG: Determined Action: SpinRequest
[2025-06-06 01:01:13] DEBUG: SlotSettings instantiated. Initial Balance: 1000
[2025-06-06 01:01:13] DEBUG: --- Request Handled ---
[2025-06-06 01:02:15] DEBUG: --- New BananasNG Request ---
[2025-06-06 01:02:15] DEBUG: Determined Action: AuthRequest
[2025-06-06 01:02:15] DEBUG: SlotSettings instantiated. Initial Balance: 1000
[2025-06-06 01:02:15] DEBUG: --- Request Handled ---
[2025-06-06 01:02:15] DEBUG: --- New BananasNG Request ---
[2025-06-06 01:02:15] DEBUG: Determined Action: SpinRequest
[2025-06-06 01:02:15] DEBUG: SlotSettings instantiated. Initial Balance: 1000
[2025-06-06 01:02:15] DEBUG: --- Request Handled ---
[2025-06-06 01:02:28] DEBUG: --- New BananasNG Request ---
[2025-06-06 01:02:28] DEBUG: Determined Action: AuthRequest
[2025-06-06 01:02:28] DEBUG: SlotSettings instantiated. Initial Balance: 1000
[2025-06-06 01:02:28] DEBUG: --- Request Handled ---
[2025-06-06 01:02:28] DEBUG: --- New BananasNG Request ---
[2025-06-06 01:02:28] DEBUG: Determined Action: SpinRequest
[2025-06-06 01:02:28] DEBUG: SlotSettings instantiated. Initial Balance: 1000
[2025-06-06 01:02:28] DEBUG: --- Request Handled ---
[2025-06-06 01:03:13] DEBUG: --- New BananasNG Request ---
[2025-06-06 01:03:13] DEBUG: Determined Action: AuthRequest
[2025-06-06 01:03:13] DEBUG: SlotSettings instantiated. Initial Balance: 1000
[2025-06-06 01:03:13] DEBUG: --- Request Handled ---
[2025-06-06 01:03:13] DEBUG: --- New BananasNG Request ---
[2025-06-06 01:03:13] DEBUG: Determined Action: SpinRequest
[2025-06-06 01:03:13] DEBUG: SlotSettings instantiated. Initial Balance: 1000
[2025-06-06 01:03:13] DEBUG: --- Request Handled ---
